💾 Сохранено в Parquet: 3100 свечей в /app/data/processed/btc_usdt_3m.parquet
💾 Сохранено в Redis: 3100 свечей в BTC-USDT:3m
IMPORT | SUCCESS | BTC/USDT | 3m | 2025-08-06 06:16:14–2025-08-06 08:16:14 | 3100 candles (fetched)
IMPORT | SUCCESS | BTC/USDT | 3m | 2025-08-06 08:13:13–2025-08-06 08:28:13 | 4 candles (cached-redis)
IMPORT | SUCCESS | BTC/USDT | 3m | 2025-08-06 08:16:10–2025-08-06 08:31:10 | 5 candles (cached-redis)
IMPORT | SUCCESS | BTC/USDT | 3m | 2025-08-06 08:19:11–2025-08-06 08:34:11 | 6 candles (cached-redis)
IMPORT | SUCCESS | BTC/USDT | 3m | 2025-08-06 08:22:11–2025-08-06 08:37:11 | 6 candles (cached-redis)
IMPORT | SUCCESS | BTC/USDT | 3m | 2025-08-06 08:25:11–2025-08-06 08:40:11 | 6 candles (cached-redis)
IMPORT | SUCCESS | BTC/USDT | 3m | 2025-08-06 08:28:11–2025-08-06 08:43:11 | 6 candles (cached-redis)
IMPORT | SUCCESS | BTC/USDT | 3m | 2025-08-06 08:31:11–2025-08-06 08:46:11 | 6 candles (cached-redis)
IMPORT | SUCCESS | BTC/USDT | 3m | 2025-08-06 08:34:11–2025-08-06 08:49:11 | 6 candles (cached-redis)
IMPORT | SUCCESS | BTC/USDT | 3m | 2025-08-06 08:37:11–2025-08-06 08:52:11 | 6 candles (cached-redis)
IMPORT | SUCCESS | BTC/USDT | 3m | 2025-08-06 08:40:11–2025-08-06 08:55:11 | 6 candles (cached-redis)
IMPORT | SUCCESS | BTC/USDT | 3m | 2025-08-06 08:43:11–2025-08-06 08:58:11 | 6 candles (cached-redis)
IMPORT | SUCCESS | BTC/USDT | 3m | 2025-08-06 08:46:11–2025-08-06 09:01:11 | 6 candles (cached-redis)
IMPORT | SUCCESS | BTC/USDT | 3m | 2025-08-06 08:49:11–2025-08-06 09:04:11 | 6 candles (cached-redis)
💾 Сохранено в Redis: 13 свечей в BTC-USDT:3m
IMPORT | SUCCESS | BTC/USDT | 3m | 2025-08-06 10:47:56–2025-08-06 12:47:56 | 13 candles (cached-parquet)
IMPORT | SUCCESS | BTC/USDT | 3m | 2025-08-06 10:48:00–2025-08-06 12:48:00 | 12 candles (cached-redis)
IMPORT | SUCCESS | BTC/USDT | 3m | 2025-08-06 10:48:04–2025-08-06 12:48:04 | 12 candles (cached-redis)
IMPORT | SUCCESS | BTC/USDT | 3m | 2025-08-06 10:48:07–2025-08-06 12:48:07 | 12 candles (cached-redis)
IMPORT | SUCCESS | BTC/USDT | 3m | 2025-08-06 10:48:10–2025-08-06 12:48:10 | 12 candles (cached-redis)
IMPORT | SUCCESS | BTC/USDT | 3m | 2025-08-06 10:48:14–2025-08-06 12:48:14 | 12 candles (cached-redis)
IMPORT | SUCCESS | BTC/USDT | 3m | 2025-08-06 10:48:19–2025-08-06 12:48:19 | 12 candles (cached-redis)
IMPORT | SUCCESS | BTC/USDT | 3m | 2025-08-06 10:48:29–2025-08-06 12:48:29 | 12 candles (cached-redis)
IMPORT | SUCCESS | BTC/USDT | 3m | 2025-08-06 10:48:43–2025-08-06 12:48:43 | 12 candles (cached-redis)
IMPORT | SUCCESS | BTC/USDT | 3m | 2025-08-06 10:49:11–2025-08-06 12:49:11 | 12 candles (cached-redis)
💾 Сохранено в Parquet: 3100 свечей в /app/data/processed/btc_usdt_3m.parquet
💾 Сохранено в Redis: 3100 свечей в BTC-USDT:3m
IMPORT | SUCCESS | BTC/USDT | 3m | 2025-08-06 11:36:04–2025-08-06 13:36:04 | 3100 candles (fetched)
💾 Сохранено в Parquet: 3100 свечей в /app/data/processed/btc_usdt_3m.parquet
💾 Сохранено в Redis: 3100 свечей в BTC-USDT:3m
IMPORT | SUCCESS | BTC/USDT | 3m | 2025-08-06 11:36:25–2025-08-06 13:36:25 | 3100 candles (fetched)
💾 Сохранено в Parquet: 3100 свечей в /app/data/processed/btc_usdt_3m.parquet
💾 Сохранено в Redis: 3100 свечей в BTC-USDT:3m
IMPORT | SUCCESS | BTC/USDT | 3m | 2025-08-06 11:36:48–2025-08-06 13:36:48 | 3100 candles (fetched)
💾 Сохранено в Parquet: 3100 свечей в /app/data/processed/btc_usdt_3m.parquet
💾 Сохранено в Redis: 3100 свечей в BTC-USDT:3m
IMPORT | SUCCESS | BTC/USDT | 3m | 2025-08-06 11:37:10–2025-08-06 13:37:10 | 3100 candles (fetched)
💾 Сохранено в Parquet: 3100 свечей в /app/data/processed/btc_usdt_3m.parquet
💾 Сохранено в Redis: 3100 свечей в BTC-USDT:3m
IMPORT | SUCCESS | BTC/USDT | 3m | 2025-08-06 11:37:32–2025-08-06 13:37:32 | 3100 candles (fetched)
💾 Сохранено в Parquet: 3134 свечей в /app/data/processed/btc_usdt_3m.parquet
💾 Сохранено в Redis: 3134 свечей в BTC-USDT:3m
IMPORT | SUCCESS | BTC/USDT | 3m | 2025-08-06 11:37:53–2025-08-06 13:37:53 | 3134 candles (fetched)
💾 Сохранено в Parquet: 3150 свечей в /app/data/processed/btc_usdt_3m.parquet
💾 Сохранено в Redis: 3150 свечей в BTC-USDT:3m
IMPORT | SUCCESS | BTC/USDT | 3m | 2025-08-06 11:38:18–2025-08-06 13:38:18 | 3150 candles (fetched)
💾 Сохранено в Parquet: 3150 свечей в /app/data/processed/btc_usdt_3m.parquet
💾 Сохранено в Redis: 3150 свечей в BTC-USDT:3m
IMPORT | SUCCESS | BTC/USDT | 3m | 2025-08-06 11:38:41–2025-08-06 13:38:41 | 3150 candles (fetched)
IMPORT | SUCCESS | BTC/USDT | 3m | 2025-08-06 11:39:03–2025-08-06 13:39:03 | 1 candles (cached-redis)
IMPORT | SUCCESS | BTC/USDT | 3m | 2025-08-06 11:39:05–2025-08-06 13:39:05 | 1 candles (cached-redis)
IMPORT | SUCCESS | BTC/USDT | 3m | 2025-08-06 11:39:07–2025-08-06 13:39:07 | 1 candles (cached-redis)
IMPORT | SUCCESS | BTC/USDT | 3m | 2025-08-06 11:39:10–2025-08-06 13:39:10 | 1 candles (cached-redis)
IMPORT | SUCCESS | BTC/USDT | 3m | 2025-08-06 11:39:13–2025-08-06 13:39:13 | 1 candles (cached-redis)
IMPORT | SUCCESS | BTC/USDT | 3m | 2025-08-06 11:39:18–2025-08-06 13:39:18 | 1 candles (cached-redis)
IMPORT | SUCCESS | BTC/USDT | 3m | 2025-08-06 11:39:26–2025-08-06 13:39:26 | 1 candles (cached-redis)
IMPORT | SUCCESS | BTC/USDT | 3m | 2025-08-06 11:39:41–2025-08-06 13:39:41 | 1 candles (cached-redis)
IMPORT | SUCCESS | BTC/USDT | 3m | 2025-08-06 11:40:08–2025-08-06 13:40:08 | 1 candles (cached-redis)
IMPORT | SUCCESS | BTC/USDT | 3m | 2025-08-06 11:41:01–2025-08-06 13:41:01 | 1 candles (cached-redis)
IMPORT | SUCCESS | BTC/USDT | 3m | 2025-08-06 11:42:03–2025-08-06 13:42:03 | 2 candles (cached-redis)
IMPORT | SUCCESS | BTC/USDT | 3m | 2025-08-06 11:43:04–2025-08-06 13:43:04 | 2 candles (cached-redis)
IMPORT | SUCCESS | BTC/USDT | 3m | 2025-08-06 11:44:06–2025-08-06 13:44:06 | 2 candles (cached-redis)
💾 Сохранено в Redis: 3 свечей в BTC-USDT:3m
IMPORT | SUCCESS | BTC/USDT | 3m | 2025-08-06 11:47:18–2025-08-06 13:47:18 | 3 candles (cached-parquet)
IMPORT | SUCCESS | BTC/USDT | 3m | 2025-08-06 11:47:22–2025-08-06 13:47:22 | 3 candles (cached-redis)
IMPORT | SUCCESS | BTC/USDT | 3m | 2025-08-06 11:47:25–2025-08-06 13:47:25 | 3 candles (cached-redis)
IMPORT | SUCCESS | BTC/USDT | 3m | 2025-08-06 11:47:29–2025-08-06 13:47:29 | 3 candles (cached-redis)
IMPORT | SUCCESS | BTC/USDT | 3m | 2025-08-06 11:47:32–2025-08-06 13:47:32 | 3 candles (cached-redis)
IMPORT | SUCCESS | BTC/USDT | 3m | 2025-08-06 11:47:37–2025-08-06 13:47:37 | 3 candles (cached-redis)
IMPORT | SUCCESS | BTC/USDT | 3m | 2025-08-06 11:47:43–2025-08-06 13:47:43 | 3 candles (cached-redis)
IMPORT | SUCCESS | BTC/USDT | 3m | 2025-08-06 11:47:51–2025-08-06 13:47:51 | 3 candles (cached-redis)
IMPORT | SUCCESS | BTC/USDT | 3m | 2025-08-06 11:48:06–2025-08-06 13:48:06 | 3 candles (cached-redis)
IMPORT | SUCCESS | BTC/USDT | 3m | 2025-08-06 11:48:33–2025-08-06 13:48:33 | 3 candles (cached-redis)
💾 Сохранено в Redis: 23 свечей в BTC-USDT:3m
IMPORT | SUCCESS | BTC/USDT | 3m | 2025-08-06 12:46:21–2025-08-06 14:46:21 | 23 candles (cached-parquet)
IMPORT | SUCCESS | BTC/USDT | 3m | 2025-08-06 12:46:25–2025-08-06 14:46:25 | 23 candles (cached-redis)
IMPORT | SUCCESS | BTC/USDT | 3m | 2025-08-06 12:46:29–2025-08-06 14:46:29 | 23 candles (cached-redis)
IMPORT | SUCCESS | BTC/USDT | 3m | 2025-08-06 12:46:33–2025-08-06 14:46:33 | 23 candles (cached-redis)
IMPORT | SUCCESS | BTC/USDT | 3m | 2025-08-06 12:46:37–2025-08-06 14:46:37 | 23 candles (cached-redis)
IMPORT | SUCCESS | BTC/USDT | 3m | 2025-08-06 12:46:42–2025-08-06 14:46:42 | 23 candles (cached-redis)
IMPORT | SUCCESS | BTC/USDT | 3m | 2025-08-06 12:46:50–2025-08-06 14:46:50 | 23 candles (cached-redis)
IMPORT | SUCCESS | BTC/USDT | 3m | 2025-08-06 12:47:00–2025-08-06 14:47:00 | 23 candles (cached-redis)
IMPORT | SUCCESS | BTC/USDT | 3m | 2025-08-06 12:47:17–2025-08-06 14:47:17 | 23 candles (cached-redis)
IMPORT | SUCCESS | BTC/USDT | 3m | 2025-08-06 12:47:46–2025-08-06 14:47:46 | 23 candles (cached-redis)
IMPORT | SUCCESS | BTC/USDT | 3m | 2025-08-06 13:11:30–2025-08-06 15:11:30 | 23 candles (cached-redis)
IMPORT | SUCCESS | BTC/USDT | 3m | 2025-08-06 13:11:34–2025-08-06 15:11:34 | 23 candles (cached-redis)
IMPORT | SUCCESS | BTC/USDT | 3m | 2025-08-06 13:11:38–2025-08-06 15:11:38 | 23 candles (cached-redis)
IMPORT | SUCCESS | BTC/USDT | 3m | 2025-08-06 13:11:42–2025-08-06 15:11:42 | 23 candles (cached-redis)
IMPORT | SUCCESS | BTC/USDT | 3m | 2025-08-06 13:11:47–2025-08-06 15:11:47 | 23 candles (cached-redis)
IMPORT | SUCCESS | BTC/USDT | 3m | 2025-08-06 13:11:53–2025-08-06 15:11:53 | 23 candles (cached-redis)
IMPORT | SUCCESS | BTC/USDT | 3m | 2025-08-06 13:12:00–2025-08-06 15:12:00 | 23 candles (cached-redis)
IMPORT | SUCCESS | BTC/USDT | 3m | 2025-08-06 13:12:10–2025-08-06 15:12:10 | 23 candles (cached-redis)
💾 Сохранено в Redis: 5 свечей в BTC-USDT:3m
IMPORT | SUCCESS | BTC/USDT | 3m | 2025-08-06 15:17:32–2025-08-06 15:27:32 | 5 candles (cached-parquet)
IMPORT | SUCCESS | BTC/USDT | 3m | 2025-08-06 15:17:37–2025-08-06 15:27:37 | 5 candles (cached-redis)
IMPORT | SUCCESS | BTC/USDT | 3m | 2025-08-06 15:17:41–2025-08-06 15:27:41 | 5 candles (cached-redis)
IMPORT | SUCCESS | BTC/USDT | 3m | 2025-08-06 15:17:46–2025-08-06 15:27:46 | 5 candles (cached-redis)
IMPORT | SUCCESS | BTC/USDT | 3m | 2025-08-06 15:17:50–2025-08-06 15:27:50 | 5 candles (cached-redis)
IMPORT | SUCCESS | BTC/USDT | 3m | 2025-08-06 15:17:56–2025-08-06 15:27:56 | 5 candles (cached-redis)
IMPORT | SUCCESS | BTC/USDT | 3m | 2025-08-06 15:18:02–2025-08-06 15:28:02 | 4 candles (cached-redis)
IMPORT | SUCCESS | BTC/USDT | 3m | 2025-08-06 15:18:12–2025-08-06 15:28:12 | 4 candles (cached-redis)
IMPORT | SUCCESS | BTC/USDT | 3m | 2025-08-06 15:18:28–2025-08-06 15:28:28 | 4 candles (cached-redis)
IMPORT | SUCCESS | BTC/USDT | 3m | 2025-08-06 15:18:58–2025-08-06 15:28:58 | 4 candles (cached-redis)
IMPORT | SUCCESS | BTC/USDT | 3m | 2025-08-06 15:19:52–2025-08-06 15:29:52 | 4 candles (cached-redis)
IMPORT | SUCCESS | BTC/USDT | 3m | 2025-08-06 15:20:56–2025-08-06 15:30:56 | 4 candles (cached-redis)
IMPORT | SUCCESS | BTC/USDT | 3m | 2025-08-06 15:22:00–2025-08-06 15:32:00 | 3 candles (cached-redis)
IMPORT | SUCCESS | BTC/USDT | 3m | 2025-08-06 15:23:04–2025-08-06 15:33:04 | 3 candles (cached-redis)
IMPORT | SUCCESS | BTC/USDT | 3m | 2025-08-06 15:24:07–2025-08-06 15:34:07 | 2 candles (cached-redis)
IMPORT | SUCCESS | BTC/USDT | 3m | 2025-08-06 15:25:11–2025-08-06 15:35:11 | 2 candles (cached-redis)
IMPORT | SUCCESS | BTC/USDT | 3m | 2025-08-06 15:26:14–2025-08-06 15:36:14 | 2 candles (cached-redis)
IMPORT | SUCCESS | BTC/USDT | 3m | 2025-08-06 15:27:18–2025-08-06 15:37:18 | 1 candles (cached-redis)
IMPORT | SUCCESS | BTC/USDT | 3m | 2025-08-06 15:29:07–2025-08-06 15:39:07 | 1 candles (cached-redis)
IMPORT | SUCCESS | BTC/USDT | 3m | 2025-08-06 15:29:11–2025-08-06 15:39:11 | 1 candles (cached-redis)
IMPORT | SUCCESS | BTC/USDT | 3m | 2025-08-06 15:29:15–2025-08-06 15:39:15 | 1 candles (cached-redis)
IMPORT | SUCCESS | BTC/USDT | 3m | 2025-08-06 15:29:19–2025-08-06 15:39:19 | 1 candles (cached-redis)
IMPORT | SUCCESS | BTC/USDT | 3m | 2025-08-06 15:29:23–2025-08-06 15:39:23 | 1 candles (cached-redis)
IMPORT | SUCCESS | BTC/USDT | 3m | 2025-08-06 15:29:28–2025-08-06 15:39:28 | 1 candles (cached-redis)
IMPORT | SUCCESS | BTC/USDT | 3m | 2025-08-06 15:29:34–2025-08-06 15:39:34 | 1 candles (cached-redis)
IMPORT | SUCCESS | BTC/USDT | 3m | 2025-08-06 15:29:44–2025-08-06 15:39:44 | 1 candles (cached-redis)
💾 Сохранено в Redis: 4 свечей в BTC-USDT:3m
IMPORT | SUCCESS | BTC/USDT | 3m | 2025-08-06 15:30:00–2025-08-06 15:40:00 | 4 candles (cached-parquet)
IMPORT | SUCCESS | BTC/USDT | 3m | 2025-08-06 15:30:29–2025-08-06 15:40:29 | 4 candles (cached-redis)
IMPORT | SUCCESS | BTC/USDT | 3m | 2025-08-06 15:31:24–2025-08-06 15:41:24 | 4 candles (cached-redis)
IMPORT | SUCCESS | BTC/USDT | 3m | 2025-08-06 15:32:27–2025-08-06 15:42:27 | 4 candles (cached-redis)
IMPORT | SUCCESS | BTC/USDT | 3m | 2025-08-06 15:33:30–2025-08-06 15:43:30 | 3 candles (cached-redis)
IMPORT | SUCCESS | BTC/USDT | 3m | 2025-08-06 15:34:34–2025-08-06 15:44:34 | 3 candles (cached-redis)
IMPORT | SUCCESS | BTC/USDT | 3m | 2025-08-06 15:35:37–2025-08-06 15:45:37 | 3 candles (cached-redis)
IMPORT | SUCCESS | BTC/USDT | 3m | 2025-08-06 15:36:41–2025-08-06 15:46:41 | 2 candles (cached-redis)
IMPORT | SUCCESS | BTC/USDT | 3m | 2025-08-06 15:37:44–2025-08-06 15:47:44 | 2 candles (cached-redis)
IMPORT | SUCCESS | BTC/USDT | 3m | 2025-08-06 15:38:47–2025-08-06 15:48:47 | 2 candles (cached-redis)
IMPORT | SUCCESS | BTC/USDT | 3m | 2025-08-06 15:39:51–2025-08-06 15:49:51 | 1 candles (cached-redis)
IMPORT | SUCCESS | BTC/USDT | 3m | 2025-08-06 15:40:54–2025-08-06 15:50:54 | 1 candles (cached-redis)
IMPORT | SUCCESS | BTC/USDT | 3m | 2025-08-06 15:41:58–2025-08-06 15:51:58 | 1 candles (cached-redis)
💾 Сохранено в Redis: 4 свечей в BTC-USDT:3m
IMPORT | SUCCESS | BTC/USDT | 3m | 2025-08-06 15:43:01–2025-08-06 15:53:01 | 4 candles (cached-parquet)
